[    0.000000] Linux version 4.15.0-140-generic (buildd@lgw01-amd64-054) (gcc version 7.5.0 (Ubuntu 7.5.0-3ubuntu1~18.04)) #144-Ubuntu SMP Fri Mar 19 14:12:35 UTC 2021 (Ubuntu 4.15.0-140.144-generic 4.15.18)
[    0.000000] Command line: BOOT_IMAGE=/boot/vmlinuz-4.15.0-140-generic root=UUID=7dc357cf-3d06-409b-9e1b-5f4cde9a2d50 ro console=tty1 console=ttyS0
[    0.000000] KERNEL supported cpus:
[    0.000000]   Intel GenuineIntel
[    0.000000]   AMD AuthenticAMD
[    0.000000]   Centaur CentaurHauls
[    0.000000] x86/fpu: Supporting XSAVE feature 0x001: 'x87 floating point registers'
[    0.000000] x86/fpu: Supporting XSAVE feature 0x002: 'SSE registers'
[    0.000000] x86/fpu: Supporting XSAVE feature 0x004: 'AVX registers'
[    0.000000] x86/fpu: xstate_offset[2]:  576, xstate_sizes[2]:  256
[    0.000000] x86/fpu: Enabled xstate features 0x7, context size is 832 bytes, using 'standard' format.
[    0.000000] e820: BIOS-provided physical RAM map:
[    0.000000] BIOS-e820: [mem 0x0000000000000000-0x000000000009fbff] usable
[    0.000000] BIOS-e820: [mem 0x000000000009fc00-0x000000000009ffff] reserved
[    0.000000] BIOS-e820: [mem 0x00000000000f0000-0x00000000000fffff] reserved
[    0.000000] BIOS-e820: [mem 0x0000000000100000-0x000000007ffeffff] usable
[    0.000000] BIOS-e820: [mem 0x000000007fff0000-0x000000007fffffff] ACPI data
[    0.000000] BIOS-e820: [mem 0x00000000fec00000-0x00000000fec00fff] reserved
[    0.000000] BIOS-e820: [mem 0x00000000fee00000-0x00000000fee00fff] reserved
[    0.000000] BIOS-e820: [mem 0x00000000fffc0000-0x00000000ffffffff] reserved
[    0.000000] NX (Execute Disable) protection: active
[    0.000000] SMBIOS 2.5 present.
[    0.000000] DMI: innotek GmbH VirtualBox/VirtualBox, BIOS VirtualBox 12/01/2006
[    0.000000] Hypervisor detected: KVM
[    0.000000] e820: last_pfn = 0x7fff0 max_arch_pfn = 0x400000000
[    0.000000] MTRR: Disabled
[    0.000000] x86/PAT: MTRRs disabled, skipping PAT initialization too.
[    0.000000] CPU MTRRs all blank - virtualized system.
[    0.000000] x86/PAT: Configuration [0-7]: WB  WT  UC- UC  WB  WT  UC- UC  
[    0.000000] found SMP MP-table at [mem 0x0009fff0-0x0009ffff]
[    0.000000] Scanning 1 areas for low memory corruption
[    0.000000] RAMDISK: [mem 0x358bf000-0x36c56fff]
[    0.000000] ACPI: Early table checksum verification disabled
[    0.000000] ACPI: RSDP 0x00000000000E0000 000024 (v02 VBOX  )
[    0.000000] ACPI: XSDT 0x000000007FFF0030 00003C (v01 VBOX   VBOXXSDT 00000001 ASL  00000061)
[    0.000000] ACPI: FACP 0x000000007FFF00F0 0000F4 (v04 VBOX   VBOXFACP 00000001 ASL  00000061)
[    0.000000] ACPI: DSDT 0x000000007FFF0470 002325 (v02 VBOX   VBOXBIOS 00000002 INTL 20120111)
[    0.000000] ACPI: FACS 0x000000007FFF0200 000040
[    0.000000] ACPI: FACS 0x000000007FFF0200 000040
[    0.000000] ACPI: APIC 0x000000007FFF0240 00005C (v02 VBOX   VBOXAPIC 00000001 ASL  00000061)
[    0.000000] ACPI: SSDT 0x000000007FFF02A0 0001CC (v01 VBOX   VBOXCPUT 00000002 INTL 20120111)
[    0.000000] No NUMA configuration found
[    0.000000] Faking a node at [mem 0x0000000000000000-0x000000007ffeffff]
[    0.000000] NODE_DATA(0) allocated [mem 0x7ffc5000-0x7ffeffff]
[    0.000000] kvm-clock: cpu 0, msr 0:7ff44001, primary cpu clock
[    0.000000] kvm-clock: Using msrs 4b564d01 and 4b564d00
[    0.000000] kvm-clock: using sched offset of 4955166061 cycles
[    0.000000] clocksource: kvm-clock: mask: 0xffffffffffffffff max_cycles: 0x1cd42e4dffb, max_idle_ns: 881590591483 ns
[    0.000000] Zone ranges:
[    0.000000]   DMA      [mem 0x0000000000001000-0x0000000000ffffff]
[    0.000000]   DMA32    [mem 0x0000000001000000-0x000000007ffeffff]
[    0.000000]   Normal   empty
[    0.000000]   Device   empty
[    0.000000] Movable zone start for each node
[    0.000000] Early memory node ranges
[    0.000000]   node   0: [mem 0x0000000000001000-0x000000000009efff]
[    0.000000]   node   0: [mem 0x0000000000100000-0x000000007ffeffff]
[    0.000000] Reserved but unavailable: 98 pages
[    0.000000] Initmem setup node 0 [mem 0x0000000000001000-0x000000007ffeffff]
[    0.000000] ACPI: PM-Timer IO Port: 0x4008
[    0.000000] IOAPIC[0]: apic_id 2, version 32, address 0xfec00000, GSI 0-23
[    0.000000] ACPI: INT_SRC_OVR (bus 0 bus_irq 0 global_irq 2 dfl dfl)
[    0.000000] ACPI: INT_SRC_OVR (bus 0 bus_irq 9 global_irq 9 low level)
[    0.000000] Using ACPI (MADT) for SMP configuration information
[    0.000000] smpboot: Allowing 2 CPUs, 0 hotplug CPUs
[    0.000000] PM: Registered nosave memory: [mem 0x00000000-0x00000fff]
[    0.000000] PM: Registered nosave memory: [mem 0x0009f000-0x0009ffff]
[    0.000000] PM: Registered nosave memory: [mem 0x000a0000-0x000effff]
[    0.000000] PM: Registered nosave memory: [mem 0x000f0000-0x000fffff]
[    0.000000] e820: [mem 0x80000000-0xfebfffff] available for PCI devices
[    0.000000] Booting paravirtualized kernel on KVM
[    0.000000] clocksource: refined-jiffies: mask: 0xffffffff max_cycles: 0xffffffff, max_idle_ns: 7645519600211568 ns
[    0.000000] random: get_random_bytes called from start_kernel+0x99/0x500 with crng_init=0
[    0.000000] setup_percpu: NR_CPUS:8192 nr_cpumask_bits:2 nr_cpu_ids:2 nr_node_ids:1
[    0.000000] percpu: Embedded 45 pages/cpu s147456 r8192 d28672 u1048576
[    0.000000] PV qspinlock hash table entries: 256 (order: 0, 4096 bytes)
[    0.000000] Built 1 zonelists, mobility grouping on.  Total pages: 515961
[    0.000000] Policy zone: DMA32
[    0.000000] Kernel command line: BOOT_IMAGE=/boot/vmlinuz-4.15.0-140-generic root=UUID=7dc357cf-3d06-409b-9e1b-5f4cde9a2d50 ro console=tty1 console=ttyS0
[    0.000000] Memory: 2014372K/2096696K available (12300K kernel code, 2483K rwdata, 4276K rodata, 2440K init, 2724K bss, 82324K reserved, 0K cma-reserved)
[    0.000000] SLUB: HWalign=64, Order=0-3, MinObjects=0, CPUs=2, Nodes=1
[    0.000000] Kernel/User page tables isolation: enabled
[    0.000000] ftrace: allocating 39429 entries in 155 pages
[    0.004000] Hierarchical RCU implementation.
[    0.004000] 	RCU restricting CPUs from NR_CPUS=8192 to nr_cpu_ids=2.
[    0.004000] 	Tasks RCU enabled.
[    0.004000] RCU: Adjusting geometry for rcu_fanout_leaf=16, nr_cpu_ids=2
[    0.004000] NR_IRQS: 524544, nr_irqs: 440, preallocated irqs: 16
[    0.004000] Console: colour VGA+ 80x25
[    0.004000] console [tty1] enabled
[    0.004000] console [ttyS0] enabled
[    0.004000] ACPI: Core revision 20170831
[    0.004000] ACPI: 2 ACPI AML tables successfully acquired and loaded
[    0.004000] APIC: Switch to symmetric I/O mode setup
[    0.004000] x2apic enabled
[    0.004000] Switched APIC routing to physical x2apic.
[    0.004000] ..TIMER: vector=0x30 apic1=0 pin1=2 apic2=-1 pin2=-1
[    0.004006] tsc: Detected 3095.998 MHz processor
[    0.005294] Calibrating delay loop (skipped) preset value.. 6191.99 BogoMIPS (lpj=12383992)
[    0.008004] pid_max: default: 32768 minimum: 301
[    0.008989] Security Framework initialized
[    0.009821] Yama: becoming mindful.
[    0.010549] AppArmor: AppArmor initialized
[    0.013718] Dentry cache hash table entries: 262144 (order: 9, 2097152 bytes)
[    0.017433] Inode-cache hash table entries: 131072 (order: 8, 1048576 bytes)
[    0.019275] Mount-cache hash table entries: 4096 (order: 3, 32768 bytes)
[    0.020009] Mountpoint-cache hash table entries: 4096 (order: 3, 32768 bytes)
[    0.021803] Last level iTLB entries: 4KB 64, 2MB 8, 4MB 8
[    0.024002] Last level dTLB entries: 4KB 64, 2MB 0, 4MB 0, 1GB 4
[    0.025164] Spectre V1 : Mitigation: usercopy/swapgs barriers and __user pointer sanitization
[    0.027098] Spectre V2 : Mitigation: Full generic retpoline
[    0.028006] Spectre V2 : Spectre v2 / SpectreRSB mitigation: Filling RSB on context switch
[    0.030148] Speculative Store Bypass: Vulnerable
[    0.032044] SRBDS: Unknown: Dependent on hypervisor status
[    0.033447] MDS: Mitigation: Clear CPU buffers
[    0.034483] Freeing SMP alternatives memory: 36K
[    0.146018] smpboot: CPU0: Intel(R) Core(TM) i5-7267U CPU @ 3.10GHz (family: 0x6, model: 0x8e, stepping: 0x9)
[    0.148000] Performance Events: unsupported p6 CPU model 142 no PMU driver, software events only.
[    0.148030] Hierarchical SRCU implementation.
[    0.149630] NMI watchdog: Perf event create on CPU 0 failed with -2
[    0.150848] NMI watchdog: Perf NMI watchdog permanently disabled
[    0.152042] smp: Bringing up secondary CPUs ...
[    0.153425] x86: Booting SMP configuration:
[    0.154553] .... node  #0, CPUs:      #1
[    0.004000] kvm-clock: cpu 1, msr 0:7ff44041, secondary cpu clock
[    0.160021] smp: Brought up 1 node, 2 CPUs
[    0.161071] smpboot: Max logical packages: 1
[    0.162202] smpboot: Total of 2 processors activated (12383.99 BogoMIPS)
[    0.164049] devtmpfs: initialized
[    0.165061] x86/mm: Memory block size: 128MB
[    0.166313] evm: security.selinux
[    0.167109] evm: security.SMACK64
[    0.167788] evm: security.SMACK64EXEC
[    0.168007] evm: security.SMACK64TRANSMUTE
[    0.169636] evm: security.SMACK64MMAP
[    0.170631] evm: security.apparmor
[    0.172004] evm: security.ima
[    0.172683] evm: security.capability
[    0.173502] clocksource: jiffies: mask: 0xffffffff max_cycles: 0xffffffff, max_idle_ns: 7645041785100000 ns
[    0.176009] futex hash table entries: 512 (order: 3, 32768 bytes)
[    0.177542] pinctrl core: initialized pinctrl subsystem
[    0.178665] RTC time: 14:20:11, date: 04/08/21
[    0.180127] NET: Registered protocol family 16
[    0.181101] audit: initializing netlink subsys (disabled)
[    0.182209] audit: type=2000 audit(1617891617.849:1): state=initialized audit_enabled=0 res=1
[    0.184010] cpuidle: using governor ladder
[    0.184984] cpuidle: using governor menu
[    0.185832] ACPI: bus type PCI registered
[    0.188005] acpiphp: ACPI Hot Plug PCI Controller Driver version: 0.5
[    0.189931] PCI: Using configuration type 1 for base access
[    0.193438] HugeTLB registered 2.00 MiB page size, pre-allocated 0 pages
[    0.193438] ACPI: Added _OSI(Module Device)
[    0.196004] ACPI: Added _OSI(Processor Device)
[    0.196928] ACPI: Added _OSI(3.0 _SCP Extensions)
[    0.197850] ACPI: Added _OSI(Processor Aggregator Device)
[    0.199194] ACPI: Added _OSI(Linux-Dell-Video)
[    0.200004] ACPI: Added _OSI(Linux-Lenovo-NV-HDMI-Audio)
[    0.201290] ACPI: Added _OSI(Linux-HPI-Hybrid-Graphics)
[    0.204041] ACPI: Executed 1 blocks of module-level executable AML code
[    0.208000] ACPI: Interpreter enabled
[    0.208012] ACPI: (supports S0 S5)
[    0.209158] ACPI: Using IOAPIC for interrupt routing
[    0.212051] PCI: Using host bridge windows from ACPI; if necessary, use "pci=nocrs" and report a bug
[    0.214778] ACPI: Enabled 2 GPEs in block 00 to 07
[    0.222491] ACPI: PCI Root Bridge [PCI0] (domain 0000 [bus 00-ff])
[    0.224013] acpi PNP0A03:00: _OSC: OS supports [ASPM ClockPM Segments MSI]
[    0.226166] acpi PNP0A03:00: _OSC: not requesting OS control; OS requires [ExtendedConfig ASPM ClockPM MSI]
[    0.228011] acpi PNP0A03:00: fail to add MMCONFIG information, can't access extended PCI configuration space under this bridge.
[    0.231290] PCI host bridge to bus 0000:00
[    0.232004] pci_bus 0000:00: root bus resource [io  0x0000-0x0cf7 window]
[    0.233513] pci_bus 0000:00: root bus resource [io  0x0d00-0xffff window]
[    0.235195] pci_bus 0000:00: root bus resource [mem 0x000a0000-0x000bffff window]
[    0.236004] pci_bus 0000:00: root bus resource [mem 0x80000000-0xfdffffff window]
[    0.238047] pci_bus 0000:00: root bus resource [bus 00-ff]
[    0.244101] pci 0000:00:01.1: legacy IDE quirk: reg 0x10: [io  0x01f0-0x01f7]
[    0.245798] pci 0000:00:01.1: legacy IDE quirk: reg 0x14: [io  0x03f6]
[    0.247431] pci 0000:00:01.1: legacy IDE quirk: reg 0x18: [io  0x0170-0x0177]
[    0.248005] pci 0000:00:01.1: legacy IDE quirk: reg 0x1c: [io  0x0376]
[    0.273991] pci 0000:00:07.0: quirk: [io  0x4000-0x403f] claimed by PIIX4 ACPI
[    0.276000] pci 0000:00:07.0: quirk: [io  0x4100-0x410f] claimed by PIIX4 SMB
[    0.286142] ACPI: PCI Interrupt Link [LNKA] (IRQs 5 9 10 *11)
[    0.288281] ACPI: PCI Interrupt Link [LNKB] (IRQs 5 9 *10 11)
[    0.290131] ACPI: PCI Interrupt Link [LNKC] (IRQs 5 *9 10 11)
[    0.292146] ACPI: PCI Interrupt Link [LNKD] (IRQs 5 9 10 *11)
[    0.294252] SCSI subsystem initialized
[    0.296033] pci 0000:00:02.0: vgaarb: setting as boot VGA device
[    0.297575] pci 0000:00:02.0: vgaarb: VGA device added: decodes=io+mem,owns=io+mem,locks=none
[    0.299662] pci 0000:00:02.0: vgaarb: bridge control possible
[    0.300010] vgaarb: loaded
[    0.300841] ACPI: bus type USB registered
[    0.301857] usbcore: registered new interface driver usbfs
[    0.304021] usbcore: registered new interface driver hub
[    0.305599] usbcore: registered new device driver usb
[    0.306679] EDAC MC: Ver: 3.0.0
[    0.308301] PCI: Using ACPI for IRQ routing
[    0.309439] NetLabel: Initializing
[    0.310387] NetLabel:  domain hash size = 128
[    0.312007] NetLabel:  protocols = UNLABELED CIPSOv4 CALIPSO
[    0.313190] NetLabel:  unlabeled traffic allowed by default
[    0.314332] clocksource: Switched to clocksource kvm-clock
[    0.326096] VFS: Disk quotas dquot_6.6.0
[    0.327204] VFS: Dquot-cache hash table entries: 512 (order 0, 4096 bytes)
[    0.329174] AppArmor: AppArmor Filesystem Enabled
[    0.330153] pnp: PnP ACPI init
[    0.332146] pnp: PnP ACPI: found 3 devices
[    0.341651] clocksource: acpi_pm: mask: 0xffffff max_cycles: 0xffffff, max_idle_ns: 2085701024 ns
[    0.343953] NET: Registered protocol family 2
[    0.345023] TCP established hash table entries: 16384 (order: 5, 131072 bytes)
[    0.346570] TCP bind hash table entries: 16384 (order: 6, 262144 bytes)
[    0.348394] TCP: Hash tables configured (established 16384 bind 16384)
[    0.351695] UDP hash table entries: 1024 (order: 3, 32768 bytes)
[    0.353439] UDP-Lite hash table entries: 1024 (order: 3, 32768 bytes)
[    0.354917] NET: Registered protocol family 1
[    0.356089] pci 0000:00:00.0: Limiting direct PCI/PCI transfers
[    0.357545] pci 0000:00:01.0: Activating ISA DMA hang workarounds
[    0.359244] pci 0000:00:02.0: Video device with shadowed ROM at [mem 0x000c0000-0x000dffff]
[    0.361736] Unpacking initramfs...
[    0.691051] Freeing initrd memory: 20064K
[    0.692325] clocksource: tsc: mask: 0xffffffffffffffff max_cycles: 0x2ca082f6619, max_idle_ns: 440795220240 ns
[    0.694765] platform rtc_cmos: registered platform RTC device (no PNP device found)
[    0.696475] Scanning for low memory corruption every 60 seconds
[    0.698478] Initialise system trusted keyrings
[    0.699510] Key type blacklist registered
[    0.700564] workingset: timestamp_bits=36 max_order=19 bucket_order=0
[    0.702963] zbud: loaded
[    0.704111] squashfs: version 4.0 (2009/01/31) Phillip Lougher
[    0.705434] fuse init (API version 7.26)
[    0.710975] Key type asymmetric registered
[    0.711987] Asymmetric key parser 'x509' registered
[    0.713087] Block layer SCSI generic (bsg) driver version 0.4 loaded (major 246)
[    0.714621] io scheduler noop registered
[    0.715415] io scheduler deadline registered
[    0.716339] io scheduler cfq registered (default)
[    0.717799] ACPI: AC Adapter [AC] (on-line)
[    0.719066] input: Power Button as /devices/LNXSYSTM:00/LNXPWRBN:00/input/input0
[    0.721577] ACPI: Power Button [PWRF]
[    0.723023] input: Sleep Button as /devices/LNXSYSTM:00/LNXSLPBN:00/input/input1
[    0.724940] ACPI: Sleep Button [SLPF]
[    0.727300] ACPI: Battery Slot [BAT0] (battery present)
[    0.728847] Serial: 8250/16550 driver, 32 ports, IRQ sharing enabled
[    0.750898] 00:02: ttyS0 at I/O 0x3f8 (irq = 4, base_baud = 115200) is a 16550A
[    0.755877] Linux agpgart interface v0.103
[    0.758406] loop: module loaded
[    0.759846] scsi host0: ata_piix
[    0.761004] scsi host1: ata_piix
[    0.761708] ata1: PATA max UDMA/33 cmd 0x1f0 ctl 0x3f6 bmdma 0xd000 irq 14
[    0.763053] ata2: PATA max UDMA/33 cmd 0x170 ctl 0x376 bmdma 0xd008 irq 15
[    0.765024] libphy: Fixed MDIO Bus: probed
[    0.765883] tun: Universal TUN/TAP device driver, 1.6
[    0.767530] PPP generic driver version 2.4.2
[    0.769087] ehci_hcd: USB 2.0 'Enhanced' Host Controller (EHCI) Driver
[    0.770808] ehci-pci: EHCI PCI platform driver
[    0.771710] ehci-platform: EHCI generic platform driver
[    0.772796] ohci_hcd: USB 1.1 'Open' Host Controller (OHCI) Driver
[    0.773996] ohci-pci: OHCI PCI platform driver
[    0.775047] ohci-platform: OHCI generic platform driver
[    0.776452] uhci_hcd: USB Universal Host Controller Interface driver
[    0.778450] i8042: PNP: PS/2 Controller [PNP0303:PS2K,PNP0f03:PS2M] at 0x60,0x64 irq 1,12
[    0.780576] serio: i8042 KBD port at 0x60,0x64 irq 1
[    0.781603] serio: i8042 AUX port at 0x60,0x64 irq 12
[    0.784970] mousedev: PS/2 mouse device common for all mice
[    0.787856] rtc_cmos rtc_cmos: rtc core: registered rtc_cmos as rtc0
[    0.789563] rtc_cmos rtc_cmos: alarms up to one day, 114 bytes nvram
[    0.791435] input: AT Translated Set 2 keyboard as /devices/platform/i8042/serio0/input/input2
[    0.795016] i2c /dev entries driver
[    0.796283] device-mapper: uevent: version 1.0.3
[    0.797780] device-mapper: ioctl: 4.37.0-ioctl (2017-09-20) initialised: dm-devel@redhat.com
[    0.799911] ledtrig-cpu: registered to indicate activity on CPUs
[    0.802406] NET: Registered protocol family 10
[    0.807466] Segment Routing with IPv6
[    0.808476] NET: Registered protocol family 17
[    0.809445] Key type dns_resolver registered
[    0.810885] mce: Using 0 MCE banks
[    0.811678] RAS: Correctable Errors collector initialized.
[    0.813157] sched_clock: Marking stable (813130726, 0)->(1002525598, -189394872)
[    0.815001] registered taskstats version 1
[    0.815849] Loading compiled-in X.509 certificates
[    0.819077] Loaded X.509 cert 'Build time autogenerated kernel key: f44537957b99d83206ce3e6a27744bf062e80295'
[    0.821551] zswap: loaded using pool lzo/zbud
[    0.826149] Key type big_key registered
[    0.827356] Key type trusted registered
[    0.830070] Key type encrypted registered
[    0.831147] AppArmor: AppArmor sha1 policy hashing enabled
[    0.832343] ima: No TPM chip found, activating TPM-bypass! (rc=-19)
[    0.834007] ima: Allocated hash algorithm: sha1
[    0.835068] evm: HMAC attrs: 0x1
[    0.836405]   Magic number: 1:344:333
[    0.838084] tty tty54: hash matches
[    0.838998] rtc_cmos rtc_cmos: setting system clock to 2021-04-08 14:20:11 UTC (1617891611)
[    0.840856] BIOS EDD facility v0.16 2004-Jun-25, 0 devices found
[    0.842431] EDD information not available.
[    1.168680] Freeing unused kernel image memory: 2440K
[    1.404810] Write protecting the kernel read-only data: 20480k
[    1.408725] Freeing unused kernel image memory: 2008K
[    1.410319] Freeing unused kernel image memory: 1868K
[    1.418160] x86/mm: Checked W+X mappings: passed, no W+X pages found.
[    1.419907] x86/mm: Checking user space page tables
[    1.427254] x86/mm: Checked W+X mappings: passed, no W+X pages found.
Loading, please wait...
starting version 237
[    1.493375] e1000: Intel(R) PRO/1000 Network Driver - version 7.3.21-k8-NAPI
[    1.495344] e1000: Copyright (c) 1999-2006 Intel Corporation.
[    1.497037] Fusion MPT base driver 3.04.20
[    1.498949] Copyright (c) 1999-2008 LSI Corporation
[    1.508576] Fusion MPT SPI Host driver 3.04.20
[    1.514363] AVX2 version of gcm_enc/dec engaged.
[    1.515337] AES CTR mode by8 optimization enabled
[    1.699555] input: ImExPS/2 Generic Explorer Mouse as /devices/platform/i8042/serio1/input/input4
[    1.921551] e1000 0000:00:03.0 eth0: (PCI:33MHz:32-bit) 02:c3:31:86:ce:e2
[    1.923219] e1000 0000:00:03.0 eth0: Intel(R) PRO/1000 Network Connection
[    1.925776] mptbase: ioc0: Initiating bringup
[    1.926275] e1000 0000:00:03.0 enp0s3: renamed from eth0
[    2.037482] ioc0: LSI53C1030 A0: Capabilities={Initiator}
[    2.279628] scsi host2: ioc0: LSI53C1030 A0, FwRev=00000000h, Ports=1, MaxQ=256, IRQ=20
[    2.449119] scsi 2:0:0:0: Direct-Access     VBOX     HARDDISK         1.0  PQ: 0 ANSI: 5
[    2.488309] scsi target2:0:0: Beginning Domain Validation
[    2.493360] scsi target2:0:0: Domain Validation skipping write tests
[    2.494764] scsi target2:0:0: Ending Domain Validation
[    2.496144] scsi target2:0:0: asynchronous
[    2.497998] scsi 2:0:1:0: Direct-Access     VBOX     HARDDISK         1.0  PQ: 0 ANSI: 5
[    2.528045] scsi target2:0:1: Beginning Domain Validation
[    2.531393] random: fast init done
[    2.532956] scsi target2:0:1: Domain Validation skipping write tests
[    2.534806] scsi target2:0:1: Ending Domain Validation
[    2.536018] scsi target2:0:1: asynchronous
[    2.541332] random: systemd-udevd: uninitialized urandom read (16 bytes read)
[    2.543250] random: systemd-udevd: uninitialized urandom read (16 bytes read)
[    2.544799] random: systemd-udevd: uninitialized urandom read (16 bytes read)
[    2.546702] sd 2:0:0:0: Attached scsi generic sg0 type 0
[    2.547815] sd 2:0:0:0: [sda] 83886080 512-byte logical blocks: (42.9 GB/40.0 GiB)
[    2.549440] sd 2:0:0:0: [sda] Write Protect is off
[    2.550575] sd 2:0:0:0: [sda] Incomplete mode parameter data
[    2.551698] sd 2:0:0:0: [sda] Assuming drive cache: write through
[    2.553461] sd 2:0:1:0: [sdb] 20480 512-byte logical blocks: (10.5 MB/10.0 MiB)
[    2.556121] sd 2:0:1:0: [sdb] Write Protect is off
[    2.557928] sd 2:0:1:0: Attached scsi generic sg1 type 0
[    2.560127] sd 2:0:1:0: [sdb] Incomplete mode parameter data
[    2.561652] sd 2:0:1:0: [sdb] Assuming drive cache: write through
[    2.565166]  sda: sda1
[    2.567389] sd 2:0:0:0: [sda] Attached SCSI disk
[    2.569100] sd 2:0:1:0: [sdb] Attached SCSI disk
Begin: Loading essential drivers ... [    4.100045] raid6: sse2x1   gen() 11534 MB/s
[    4.148044] raid6: sse2x1   xor()  7790 MB/s
[    4.196013] raid6: sse2x2   gen() 14026 MB/s
[    4.244020] raid6: sse2x2   xor()  9461 MB/s
[    4.292338] raid6: sse2x4   gen() 16275 MB/s
[    4.340329] raid6: sse2x4   xor() 10543 MB/s
[    4.388234] raid6: avx2x1   gen() 23387 MB/s
[    4.436248] raid6: avx2x1   xor() 16329 MB/s
[    4.484131] raid6: avx2x2   gen() 26683 MB/s
[    4.532073] raid6: avx2x2   xor() 16981 MB/s
[    4.580232] raid6: avx2x4   gen() 31061 MB/s
[    4.628328] raid6: avx2x4   xor() 18955 MB/s
[    4.629540] raid6: using algorithm avx2x4 gen() 31061 MB/s
[    4.630863] raid6: .... xor() 18955 MB/s, rmw enabled
[    4.631896] raid6: using avx2x2 recovery algorithm
[    4.634291] xor: automatically using best checksumming function   avx       
[    4.637024] async_tx: api initialized (async)
done.
Begin: Running /scripts/init-premount ... done.
Begin: Mounting root file system ... Begin: Running /scripts/local-top ... done.
Begin: Running /scripts/local-premount ... [    4.680596] Btrfs loaded, crc32c=crc32c-intel
Scanning for Btrfs filesystems
done.
Begin: Will now check root file system ... fsck from util-linux 2.31.1
[/sbin/fsck.ext4 (1) -- /dev/sda1] fsck.ext4 -a -C0 /dev/sda1 
cloudimg-rootfs: recovering journal
cloudimg-rootfs: Clearing orphaned inode 6198 (uid=0, gid=0, mode=0100644, size=342072)
cloudimg-rootfs: Clearing orphaned inode 6197 (uid=0, gid=0, mode=0100644, size=14232)
cloudimg-rootfs: Clearing orphaned inode 6196 (uid=0, gid=0, mode=0100644, size=1137968)
cloudimg-rootfs: Clearing orphaned inode 6195 (uid=0, gid=0, mode=0100644, size=1690808)
cloudimg-rootfs: clean, 124591/5120000 files, 852011/10485499 blocks
done.
[    4.875077] EXT4-fs (sda1): mounted filesystem with ordered data mode. Opts: (null)
done.
Begin: Running /scripts/local-bottom ... done.
Begin: Running /scripts/init-bottom ... done.
[    5.306915] ip_tables: (C) 2000-2006 Netfilter Core Team
[    5.350031] systemd[1]: systemd 237 running in system mode. (+PAM +AUDIT +SELINUX +IMA +APPARMOR +SMACK +SYSVINIT +UTMP +LIBCRYPTSETUP +GCRYPT +GNUTLS +ACL +XZ +LZ4 +SECCOMP +BLKID +ELFUTILS +KMOD -IDN2 +IDN -PCRE2 default-hierarchy=hybrid)
[    5.356459] systemd[1]: Detected virtualization oracle.
[    5.357939] systemd[1]: Detected architecture x86-64.

Welcome to [1mUbuntu 18.04.5 LTS[0m!

[    5.404186] systemd[1]: Set hostname to <ubuntu-bionic>.
[    6.026197] systemd[1]: Reached target Swap.
[[0;32m  OK  [0m] Reached target Swap.
[    6.029263] systemd[1]: Created slice System Slice.
[[0;32m  OK  [0m] Created slice System Slice.
[    6.031101] systemd[1]: Listening on /dev/initctl Compatibility Named Pipe.
[[0;32m  OK  [0m] Listening on /dev/initctl Compatibility Named Pipe.
[    6.033966] systemd[1]: Listening on fsck to fsckd communication Socket.
[[0;32m  OK  [0m] Listening on fsck to fsckd communication Socket.
[    6.036949] systemd[1]: Listening on Journal Socket (/dev/log).
[[0;32m  OK  [0m] Listening on Journal Socket (/dev/log).
[    6.039988] systemd[1]: Listening on Network Service Netlink Socket.
[[0;32m  OK  [0m] Listening on Network Service Netlink Socket.
[[0;32m  OK  [0m] Listening on LVM2 metadata daemon socket.
[[0;32m  OK  [0m] Created slice User and Session Slice.
[[0;32m  OK  [0m] Reached target Slices.
[[0;32m  OK  [0m] Reached target User and Group Name Lookups.
[[0;32m  OK  [0m] Listening on Device-mapper event daemon FIFOs.
[[0;32m  OK  [0m] Listening on Journal Socket.
         Starting Load Kernel Modules...
         Mounting Kernel Debug File System...
         Starting Monitoring of LVM2 mirrors…ng dmeventd or progress polling...
[[0;32m  OK  [0m] Listening on Journal Audit Socket.
[[0;32m  OK  [0m] Started Forward Password Requests to Wall Directory Watch.
         Starting Create list of required st…ce nodes for the current kernel...
[[0;32m  OK  [0m] Listening on Syslog Socket.
         Starting Uncomplicated firewall...
[[0;32m  OK  [0m] Listening on udev Kernel Socket.
         Starting Set the console keyboard layout...
[    6.078181] Loading iSCSI transport class v2.0-870.
         Mounting Huge Pages File System...
         Starting Remount Root and Kernel File Systems...
[[0;32m  OK  [0m] Listening on udev Control Socket.
         Starting udev Coldplug all Devices...
[[0;32m  OK  [0m] Listening on LVM2 poll daemon socket.
[    6.088185] iscsi: registered transport (tcp)
[[0;32m  OK  [0m] Created slice system-serial\x2dgetty.slice.
[[0;32m  OK  [0m] Reached target System Time Synchronized.
         Mounting POSIX Message Queue File System...
         Starting Journal Service...
[[0;32m  OK  [0m] Set up automount Arbitrary Executab…rmats File System Automount Point.
[[0;32m  OK  [0m] Mounted Kernel Debug File System.
[[0;32m  OK  [0m] Started Create list of required sta…vice nodes for the current kernel.
[[0;32m  OK  [0m] Started Uncomplicated firewall.
[[0;32m  OK  [0m] Mounted Huge Pages File System.
[[0;32m  OK  [0m] Mounted POSIX Message Queue File System.
[[0;32m  OK  [0m] Started LVM2 metadata daemon.
         Starting Create Static Device Nodes in /dev...
[    6.224498] EXT4-fs (sda1): re-mounted. Opts: (null)
[[0;32m  OK  [0m] Started Remount Root and Kernel File Systems.
         Starting Load/Save Random Seed...
[[0;32m  OK  [0m] Started Journal Service.
[[0;32m  OK  [0m] Started udev Coldplug all Devices.
[[0;32m  OK  [0m] Started Create Static Device Nodes in /dev.
         Starting udev Kernel Device Manager...
         Starting Flush Journal to Persistent Storage...
[[0;32m  OK  [0m] Started Load/Save Random Seed.
[[0;32m  OK  [0m] Started Monitoring of LVM2 mirrors,…sing dmeventd or progress polling.
[    6.327157] systemd-journald[432]: Received request to flush runtime journal from PID 1
[    6.362069] iscsi: registered transport (iser)
[[0;32m  OK  [0m] Started Load Kernel Modules.
         Mounting Kernel Configuration File System...
         Mounting FUSE Control File System...
         Starting Apply Kernel Variables...
[[0;32m  OK  [0m] Mounted Kernel Configuration File System.
[[0;32m  OK  [0m] Mounted FUSE Control File System.
[[0;32m  OK  [0m] Started udev Kernel Device Manager.
[[0;32m  OK  [0m] Started Apply Kernel Variables.
[[0;32m  OK  [0m] Started Flush Journal to Persistent Storage.
[[0;32m  OK  [0m] Found device /dev/ttyS0.
[[0;32m  OK  [0m] Listening on Load/Save RF Kill Switch Status /dev/rfkill Watch.
[[0;32m  OK  [0m] Started Set the console keyboard layout.
[[0;32m  OK  [0m] Reached target Local File Systems (Pre).
[[0;32m  OK  [0m] Reached target Local File Systems.
         Starting Set console font and keymap...
         Starting AppArmor initialization...
         Starting ebtables ruleset management...
         Starting Create Volatile Files and Directories...
         Starting Tell Plymouth To Write Out Runtime Data...
         Mounting /vagrant...
[[0;32m  OK  [0m] Started Dispatch Password Requests to Console Directory Watch.
[[0;32m  OK  [0m] Reached target Local Encrypted Volumes.
[[0;32m  OK  [0m] Started Set console font and keymap.
[[0;32m  OK  [0m] Started Tell Plymouth To Write Out Runtime Data.
[[0;32m  OK  [0m] Started Create Volatile Files and Directories.
         Starting Update UTMP about System Boot/Shutdown...
[[0;32m  OK  [0m] Started Update UTMP about System Boot/Shutdown.
[[0;32m  OK  [0m] Mounted /vagrant.
[[0;32m  OK  [0m] Started ebtables ruleset management.
[[0;32m  OK  [0m] Started AppArmor initialization.
         Starting Load AppArmor profiles managed internally by snapd...
         Starting Initial cloud-init job (pre-networking)...
[[0;32m  OK  [0m] Started Load AppArmor profiles managed internally by snapd.
[    9.095006] cloud-init[708]: Cloud-init v. 20.4.1-0ubuntu1~18.04.1 running 'init-local' at Thu, 08 Apr 2021 14:20:19 +0000. Up 8.86 seconds.
[[0;32m  OK  [0m] Started Initial cloud-init job (pre-networking).
[[0;32m  OK  [0m] Reached target Network (Pre).
         Starting Network Service...
[[0;32m  OK  [0m] Started Network Service.
         Starting Network Name Resolution...
         Starting Wait for Network to be Configured...
[[0;32m  OK  [0m] Started Network Name Resolution.
[[0;32m  OK  [0m] Reached target Network.
[[0;32m  OK  [0m] Reached target Host and Network Name Lookups.
[[0;32m  OK  [0m] Started Wait for Network to be Configured.
         Starting Initial cloud-init job (metadata service crawler)...
[   12.099284] cloud-init[820]: Cloud-init v. 20.4.1-0ubuntu1~18.04.1 running 'init' at Thu, 08 Apr 2021 14:20:22 +0000. Up 11.92 seconds.
[   12.102001] cloud-init[820]: ci-info: ++++++++++++++++++++++++++++++++++++++Net device info++++++++++++++++++++++++++++++++++++++
[   12.104653] cloud-init[820]: ci-info: +--------+------+----------------------------+---------------+--------+-------------------+
[   12.108355] cloud-init[820]: ci-info: | Device |  Up  |          Address           |      Mask     | Scope  |     Hw-Address    |
[   12.111831] cloud-init[820]: ci-info: +--------+------+----------------------------+---------------+--------+-------------------+
[   12.114618] cloud-init[820]: ci-info: | enp0s3 | True |         10.0.2.15          | 255.255.255.0 | global | 02:c3:31:86:ce:e2 |
[   12.117226] cloud-init[820]: ci-info: | enp0s3 | True | fe80::c3:31ff:fe86:cee2/64 |       .       |  link  | 02:c3:31:86:ce:e2 |
[   12.120381] cloud-init[820]: ci-info: |   lo   | True |         127.0.0.1          |   255.0.0.0   |  host  |         .         |
[   12.123020] cloud-init[820]: ci-info: |   lo   | True |          ::1/128           |       .       |  host  |         .         |
[   12.125726] cloud-init[820]: ci-info: +--------+------+----------------------------+---------------+--------+-------------------+
[   12.128954] cloud-init[820]: ci-info: ++++++++++++++++++++++++++++Route IPv4 info+++++++++++++++++++++++++++++
[   12.131795] cloud-init[820]: ci-info: +-------+-------------+----------+-----------------+-----------+-------+
[   12.134640] cloud-init[820]: ci-info: | Route | Destination | Gateway  |     Genmask     | Interface | Flags |
[   12.137700] cloud-init[820]: ci-info: +-------+-------------+----------+-----------------+-----------+-------+
[   12.152345] cloud-init[820]: ci-info: |   0   |   0.0.0.0   | 10.0.2.2 |     0.0.0.0     |   enp0s3  |   UG  |
[   12.164374] cloud-init[820]: ci-info: |   1   |   10.0.2.0  | 0.0.0.0  |  255.255.255.0  |   enp0s3  |   U   |
[   12.176359] cloud-init[820]: ci-info: |   2   |   10.0.2.2  | 0.0.0.0  | 255.255.255.255 |   enp0s3  |   UH  |
[   12.192440] cloud-init[820]: ci-info: +-------+-------------+----------+-----------------+-----------+-------+
[   12.205110] cloud-init[820]: ci-info: +++++++++++++++++++Route IPv6 info+++++++++++++++++++
[   12.206613] cloud-init[820]: ci-info: +-------+-------------+---------+-----------+-------+
[   12.207626] cloud-init[820]: ci-info: | Route | Destination | Gateway | Interface | Flags |
[   12.208855] cloud-init[820]: ci-info: +-------+-------------+---------+-----------+-------+
[   12.209839] cloud-init[820]: ci-info: |   1   |  fe80::/64  |    ::   |   enp0s3  |   U   |
[   12.210820] cloud-init[820]: ci-info: |   3   |    local    |    ::   |   enp0s3  |   U   |
[   12.212401] cloud-init[820]: ci-info: |   4   |   ff00::/8  |    ::   |   enp0s3  |   U   |
[   12.214168] cloud-init[820]: ci-info: +-------+-------------+---------+-----------+-------+
[[0;32m  OK  [0m] Started Initial cloud-init job (metadata service crawler).
[[0;32m  OK  [0m] Reached target Network is Online.
         Starting Availability of block devices...
[[0;32m  OK  [0m] Reached target Remote File Systems (Pre).
[[0;32m  OK  [0m] Reached target Remote File Systems.
[[0;32m  OK  [0m] Reached target Cloud-config availability.
[[0;32m  OK  [0m] Reached target System Initialization.
         Starting Socket activation for snappy daemon.
[[0;32m  OK  [0m] Listening on UUID daemon activation socket.
[[0;32m  OK  [0m] Started Daily Cleanup of Temporary Directories.
         Starting LXD - unix socket.
[[0;32m  OK  [0m] Listening on ACPID Listen Socket.
[[0;32m  OK  [0m] Started Message of the Day.
[[0;32m  OK  [0m] Started Discard unused blocks once a week.
[[0;32m  OK  [0m] Started ACPI Events Check.
[[0;32m  OK  [0m] Reached target Paths.
[[0;32m  OK  [0m] Listening on D-Bus System Message Bus Socket.
[[0;32m  OK  [0m] Listening on Open-iSCSI iscsid Socket.
[[0;32m  OK  [0m] Started Daily apt download activities.
[[0;32m  OK  [0m] Started Daily apt upgrade and clean activities.
[[0;32m  OK  [0m] Reached target Timers.
[[0;32m  OK  [0m] Started Availability of block devices.
[[0;32m  OK  [0m] Listening on Socket activation for snappy daemon.
[[0;32m  OK  [0m] Listening on LXD - unix socket.
[[0;32m  OK  [0m] Reached target Sockets.
[[0;32m  OK  [0m] Reached target Basic System.
         Starting Snap Daemon...
         Starting Message of the Day...
[[0;32m  OK  [0m] Started FUSE filesystem for LXC.
         Starting Login Service...
         Starting LSB: automatic crash report generation...
[[0;32m  OK  [0m] Started Deferred execution scheduler.
         Starting LSB: Record successful boot for GRUB...
         Starting OpenBSD Secure Shell server...
         Starting Accounts Service...
         Starting Permit User Sessions...
[[0;32m  OK  [0m] Started Regular background program processing daemon.
[[0;32m  OK  [0m] Started D-Bus System Message Bus.
[[0;32m  OK  [0m] Started Login Service.
[[0;32m  OK  [0m] Started Unattended Upgrades Shutdown.
         Starting LXD - container startup/shutdown...
         Starting Virtualbox guest utils...
[[0;32m  OK  [0m] Started irqbalance daemon.
         Starting System Logging Service...
         Starting Dispatcher daemon for systemd-networkd...
[[0;32m  OK  [0m] Started System Logging Service.
[[0;32m  OK  [0m] Started Permit User Sessions.
[[0;32m  OK  [0m] Started OpenBSD Secure Shell server.
         Starting Authorization Manager...
         Starting Terminate Plymouth Boot Screen...
         Starting Hold until boot process finishes up...
[[0;32m  OK  [0m] Started Hold until boot process finishes up.
[[0;32m  OK  [0m] Started Serial Getty on ttyS0.
         Starting Set console scheme...
[[0;32m  OK  [0m] Started Terminate Plymouth Boot Screen.
[[0;32m  OK  [0m] Started LSB: automatic crash report generation.
[[0;32m  OK  [0m] Started Set console scheme.
[[0;32m  OK  [0m] Created slice system-getty.slice.
[[0;32m  OK  [0m] Started Getty on tty1.
[[0;32m  OK  [0m] Reached target Login Prompts.
[[0;32m  OK  [0m] Started LSB: Record successful boot for GRUB.
[[0;32m  OK  [0m] Started Authorization Manager.
[[0;32m  OK  [0m] Started Accounts Service.
[[0;32m  OK  [0m] Started Virtualbox guest utils.
[[0;32m  OK  [0m] Created slice User Slice of vagrant.
         Starting User Manager for UID 1000...
[[0;32m  OK  [0m] Started Session 1 of user vagrant.
[[0;32m  OK  [0m] Started User Manager for UID 1000.
[[0;32m  OK  [0m] Started Dispatcher daemon for systemd-networkd.
[[0;32m  OK  [0m] Started LXD - container startup/shutdown.
[[0;32m  OK  [0m] Started Snap Daemon.
         Starting Wait until snapd is fully seeded...
[[0;32m  OK  [0m] Started Wait until snapd is fully seeded.
[[0;32m  OK  [0m] Reached target Multi-User System.
[[0;32m  OK  [0m] Reached target Graphical Interface.
         Starting Update UTMP about System Runlevel Changes...
         Starting Apply the settings specified in cloud-config...
[[0;32m  OK  [0m] Started Update UTMP about System Runlevel Changes.
[   16.860704] cloud-init[1365]: Cloud-init v. 20.4.1-0ubuntu1~18.04.1 running 'modules:config' at Thu, 08 Apr 2021 14:20:27 +0000. Up 16.73 seconds.
[[0;32m  OK  [0m] Started Apply the settings specified in cloud-config.
         Starting Execute cloud user/final scripts...
[   17.565805] cloud-init[1451]: Cloud-init v. 20.4.1-0ubuntu1~18.04.1 running 'modules:final' at Thu, 08 Apr 2021 14:20:28 +0000. Up 17.41 seconds.
[   17.578647] cloud-init[1451]: Cloud-init v. 20.4.1-0ubuntu1~18.04.1 finished at Thu, 08 Apr 2021 14:20:28 +0000. Datasource DataSourceNoCloud [seed=/dev/sdb][dsmode=net].  Up 17.56 seconds
[[0;32m  OK  [0m] Started Execute cloud user/final scripts.
[[0;32m  OK  [0m] Reached target Cloud-init target.
         Starting Daily apt download activities...

Ubuntu 18.04.5 LTS ubuntu-bionic ttyS0

ubuntu-bionic login: 